2025-07-08 17:44:33,421 - AllInOneSystem - INFO - 成功导入MotionFeatureManager
2025-07-08 17:44:33,425 - AllInOneSystem - INFO - 成功导入DangerRecognizer
2025-07-08 17:44:33,528 - AllInOneSystem - INFO - 成功导入Flask Web模块
2025-07-08 17:44:33,528 - AllInOneSystem - WARNING - 未找到必要的AI依赖，AI功能将被禁用
2025-07-08 17:44:33,531 - MotionFeatureManager - INFO - 初始化运动特征管理器: 光流=True(farneback), 运动历史=False, 背景减除=False, 轮廓=True, 关键点=False, GPU=False
2025-07-08 17:44:33,531 - DangerRecognizer - INFO - 危险行为识别器已初始化，特征点阈值:80, 变化率阈值:1.5
2025-07-08 17:44:33,531 - AllInOneSystem - INFO - 全功能视频监控系统初始化完成
2025-07-08 17:44:33,532 - AllInOneSystem - INFO - 开始视频捕获线程
2025-07-08 17:44:33,534 - AllInOneSystem - INFO - 开始视频处理线程
2025-07-08 17:44:33,534 - AllInOneSystem - INFO - 全功能视频监控系统已启动
2025-07-08 17:44:33,534 - AllInOneSystem - INFO - 开始显示循环
2025-07-08 17:44:33,932 - AllInOneSystem - INFO - 视频分辨率: 640x480
2025-07-08 17:51:03,201 - AllInOneSystem - INFO - 显示循环结束
2025-07-08 17:51:03,201 - AllInOneSystem - INFO - 用户中断
2025-07-08 17:51:03,226 - AllInOneSystem - INFO - 视频处理线程结束
2025-07-08 17:51:03,526 - AllInOneSystem - INFO - 视频捕获线程结束
2025-07-08 17:51:03,526 - AllInOneSystem - INFO - 
==== 系统报告 ====
运行时间: 389.99 秒
总帧数: 8905
处理帧数: 2887 (32.4%)
平均帧率: 22.83 FPS
告警总数: 0

告警分类统计:

系统配置:
  - source: 0
  - width: 640
  - height: 480
  - loop_video: False
  - process_every: 3
  - process_scale: 1.0
  - max_fps: 30
  - use_gpu: False
  - use_motion_history: False
  - minimal_ui: False
  - feature_threshold: 80
  - area_threshold: 0.05
  - alert_cooldown: 10
  - min_confidence: 0.5
  - alert_region: None
  - enable_ai: False
  - vision_model: yolov8n
  - ai_interval: 20
  - ai_confidence: 0.4
  - web_interface: False
  - web_port: 5000
  - output: system_output
  - record: False
  - save_alerts: False

2025-07-08 17:51:03,528 - AllInOneSystem - INFO - 报告已保存到: system_output\report_20250708_175103.txt
2025-07-08 17:51:03,528 - AllInOneSystem - INFO - 全功能视频监控系统已停止
2025-07-08 20:44:26,154 - AllInOneSystem - INFO - 成功导入MotionFeatureManager
2025-07-08 20:44:26,154 - AllInOneSystem - INFO - 成功导入DangerRecognizer
2025-07-08 20:44:26,271 - AllInOneSystem - INFO - 成功导入Flask Web模块
2025-07-08 20:44:26,271 - AllInOneSystem - WARNING - 未找到必要的AI依赖，AI功能将被禁用
2025-07-08 20:44:26,273 - MotionFeatureManager - INFO - 初始化运动特征管理器: 光流=True(farneback), 运动历史=False, 背景减除=False, 轮廓=True, 关键点=False, GPU=False
2025-07-08 20:44:26,273 - DangerRecognizer - INFO - 危险行为识别器已初始化，特征点阈值:80, 变化率阈值:1.5
2025-07-08 20:44:26,273 - AllInOneSystem - INFO - 全功能视频监控系统初始化完成
2025-07-08 20:44:26,273 - AllInOneSystem - INFO - 开始视频捕获线程
2025-07-08 20:44:26,273 - AllInOneSystem - INFO - 开始视频处理线程
2025-07-08 20:44:26,273 - AllInOneSystem - INFO - 全功能视频监控系统已启动
2025-07-08 20:44:26,273 - AllInOneSystem - INFO - 开始显示循环
2025-07-08 20:44:26,652 - AllInOneSystem - INFO - 视频分辨率: 640x480
2025-07-08 20:49:13,922 - AllInOneSystem - INFO - 显示循环结束
2025-07-08 20:49:13,922 - AllInOneSystem - INFO - 用户中断
2025-07-08 20:49:13,952 - AllInOneSystem - INFO - 视频处理线程结束
2025-07-08 20:49:14,245 - AllInOneSystem - INFO - 视频捕获线程结束
2025-07-08 20:49:14,245 - AllInOneSystem - INFO - 
==== 系统报告 ====
运行时间: 287.97 秒
总帧数: 6313
处理帧数: 1894 (30.0%)
平均帧率: 21.92 FPS
告警总数: 0

告警分类统计:

系统配置:
  - source: 0
  - width: 640
  - height: 480
  - loop_video: False
  - process_every: 3
  - process_scale: 1.0
  - max_fps: 30
  - use_gpu: False
  - use_motion_history: False
  - minimal_ui: False
  - feature_threshold: 80
  - area_threshold: 0.05
  - alert_cooldown: 10
  - min_confidence: 0.5
  - alert_region: None
  - enable_ai: False
  - vision_model: yolov8n
  - ai_interval: 20
  - ai_confidence: 0.4
  - web_interface: False
  - web_port: 5000
  - output: system_output
  - record: False
  - save_alerts: False

2025-07-08 20:49:14,246 - AllInOneSystem - INFO - 报告已保存到: system_output\report_20250708_204914.txt
2025-07-08 20:49:14,246 - AllInOneSystem - INFO - 全功能视频监控系统已停止
2025-07-08 21:56:01,917 - AllInOneSystem - INFO - 成功导入MotionFeatureManager
2025-07-08 21:56:01,917 - AllInOneSystem - INFO - 成功导入DangerRecognizer
2025-07-08 21:56:02,024 - AllInOneSystem - INFO - 成功导入Flask Web模块
2025-07-08 21:56:02,024 - AllInOneSystem - WARNING - 未找到必要的AI依赖，AI功能将被禁用
2025-07-08 21:56:02,026 - MotionFeatureManager - INFO - 初始化运动特征管理器: 光流=True(farneback), 运动历史=False, 背景减除=False, 轮廓=True, 关键点=False, GPU=False
2025-07-08 21:56:02,026 - DangerRecognizer - INFO - 危险行为识别器已初始化，特征点阈值:80, 变化率阈值:1.5
2025-07-08 21:56:02,026 - AllInOneSystem - INFO - 全功能视频监控系统初始化完成
2025-07-08 21:56:02,026 - AllInOneSystem - INFO - 开始视频捕获线程
2025-07-08 21:56:02,026 - AllInOneSystem - INFO - 开始视频处理线程
2025-07-08 21:56:02,026 - AllInOneSystem - INFO - 全功能视频监控系统已启动
2025-07-08 21:56:02,027 - AllInOneSystem - INFO - 开始显示循环
2025-07-08 21:56:02,408 - AllInOneSystem - INFO - 视频分辨率: 640x480
2025-07-08 21:58:18,606 - AllInOneSystem - INFO - 显示循环结束
2025-07-08 21:58:18,607 - AllInOneSystem - INFO - 用户中断
2025-07-08 21:58:18,613 - AllInOneSystem - INFO - 视频处理线程结束
2025-07-08 21:58:18,935 - AllInOneSystem - INFO - 视频捕获线程结束
2025-07-08 21:58:18,937 - AllInOneSystem - INFO - 
==== 系统报告 ====
运行时间: 136.91 秒
总帧数: 2978
处理帧数: 880 (29.6%)
平均帧率: 21.75 FPS
告警总数: 0

告警分类统计:

系统配置:
  - source: 0
  - width: 640
  - height: 480
  - loop_video: False
  - process_every: 3
  - process_scale: 1.0
  - max_fps: 30
  - use_gpu: False
  - use_motion_history: False
  - minimal_ui: False
  - feature_threshold: 80
  - area_threshold: 0.05
  - alert_cooldown: 10
  - min_confidence: 0.5
  - alert_region: None
  - enable_ai: False
  - vision_model: yolov8n
  - ai_interval: 20
  - ai_confidence: 0.4
  - web_interface: False
  - web_port: 5000
  - output: system_output
  - record: False
  - save_alerts: False

2025-07-08 21:58:18,939 - AllInOneSystem - INFO - 报告已保存到: system_output\report_20250708_215818.txt
2025-07-08 21:58:18,939 - AllInOneSystem - INFO - 全功能视频监控系统已停止
